<?xml version="1.0" encoding="utf-8"?><testsuites name="pytest tests"><testsuite name="pytest" errors="0" failures="0" skipped="0" tests="4" time="1.258" timestamp="2026-05-11T17:14:59.164113+00:00" hostname="agent-env-1be78414-4ae4-4116-8f1c-311ef9f26734"><testcase classname="backend.tests.test_birth_list_contribution" name="test_submit_birth_list_item_success" time="0.797" /><testcase classname="backend.tests.test_birth_list_contribution" name="test_submit_missing_title_returns_422" time="0.123" /><testcase classname="backend.tests.test_birth_list_contribution" name="test_get_my_contributions_includes_birth_list" time="0.130" /><testcase classname="backend.tests.test_birth_list_contribution" name="test_submit_invalid_type_returns_400" time="0.156" /></testsuite></testsuites>