<?xml version="1.0" encoding="utf-8"?><testsuites name="pytest tests"><testsuite name="pytest" errors="0" failures="0" skipped="0" tests="19" time="3.262" timestamp="2026-03-14T21:59:36.072852+00:00" hostname="agent-env-47e654a5-9502-41bb-8ce3-67bdcfd1d8d0"><testcase classname="tests.test_postpartum_referral.TestMaternityBag" name="test_get_maternity_bag_list" time="0.634" /><testcase classname="tests.test_postpartum_referral.TestMaternityBag" name="test_toggle_item_check" time="0.338" /><testcase classname="tests.test_postpartum_referral.TestMaternityBag" name="test_suggest_item" time="0.120" /><testcase classname="tests.test_postpartum_referral.TestMaternityBag" name="test_maternity_bag_unauthorized" time="0.126" /><testcase classname="tests.test_postpartum_referral.TestPostpartumContent" name="test_get_postpartum_content" time="0.129" /><testcase classname="tests.test_postpartum_referral.TestPostpartumContent" name="test_postpartum_appointments_structure" time="0.107" /><testcase classname="tests.test_postpartum_referral.TestPostpartumContent" name="test_postpartum_difficulties_structure" time="0.113" /><testcase classname="tests.test_postpartum_referral.TestPostpartumContent" name="test_postpartum_breastfeeding_structure" time="0.114" /><testcase classname="tests.test_postpartum_referral.TestPostpartumContent" name="test_postpartum_formula_structure" time="0.136" /><testcase classname="tests.test_postpartum_referral.TestPostpartumContent" name="test_postpartum_diapers_structure" time="0.116" /><testcase classname="tests.test_postpartum_referral.TestPostpartumContent" name="test_postpartum_precautions_structure" time="0.107" /><testcase classname="tests.test_postpartum_referral.TestPostpartumContent" name="test_postpartum_content_unauthorized" time="0.109" /><testcase classname="tests.test_postpartum_referral.TestReferralSystem" name="test_get_referral_status" time="0.208" /><testcase classname="tests.test_postpartum_referral.TestReferralSystem" name="test_submit_referral" time="0.106" /><testcase classname="tests.test_postpartum_referral.TestReferralSystem" name="test_submit_two_referrals" time="0.121" /><testcase classname="tests.test_postpartum_referral.TestReferralSystem" name="test_submit_duplicate_referral" time="0.226" /><testcase classname="tests.test_postpartum_referral.TestReferralSystem" name="test_referral_missing_required_fields" time="0.124" /><testcase classname="tests.test_postpartum_referral.TestReferralSystem" name="test_referral_status_unauthorized" time="0.110" /><testcase classname="tests.test_postpartum_referral.TestSubscriptionStatus" name="test_get_full_subscription_status" time="0.130" /></testsuite></testsuites>