<?xml version="1.0" encoding="utf-8"?><testsuites name="pytest tests"><testsuite name="pytest" errors="0" failures="0" skipped="0" tests="13" time="3.290" timestamp="2026-03-17T15:02:08.198591+00:00" hostname="agent-env-47e654a5-9502-41bb-8ce3-67bdcfd1d8d0"><testcase classname="tests.test_p2_features.TestMaternityBagFavorites" name="test_get_favorites_empty" time="0.666" /><testcase classname="tests.test_p2_features.TestMaternityBagFavorites" name="test_toggle_favorite_add" time="0.156" /><testcase classname="tests.test_p2_features.TestMaternityBagFavorites" name="test_verify_favorite_added" time="0.149" /><testcase classname="tests.test_p2_features.TestMaternityBagFavorites" name="test_toggle_favorite_remove" time="0.139" /><testcase classname="tests.test_p2_features.TestMaternityBagFavorites" name="test_verify_favorite_removed" time="0.155" /><testcase classname="tests.test_p2_features.TestMaternityBagFavorites" name="test_toggle_favorite_invalid_request" time="0.152" /><testcase classname="tests.test_p2_features.TestSharedRecipesViewCounter" name="test_shared_recipes_endpoint_exists" time="0.151" /><testcase classname="tests.test_p2_features.TestSharedRecipesViewCounter" name="test_shared_recipes_returns_views" time="0.144" /><testcase classname="tests.test_p2_features.TestSharedRecipesViewCounter" name="test_shared_recipes_view_increments" time="0.349" /><testcase classname="tests.test_p2_features.TestSharedRecipesViewCounter" name="test_shared_recipes_full_response_structure" time="0.167" /><testcase classname="tests.test_p2_features.TestSharedRecipesViewCounter" name="test_shared_recipes_invalid_code" time="0.143" /><testcase classname="tests.test_p2_features.TestCreateShareAndVerifyViews" name="test_create_share_and_verify_views" time="0.721" /><testcase classname="tests.test_p2_features.TestMaternityBagEndpoints" name="test_get_maternity_bag" time="0.134" /></testsuite></testsuites>