<?xml version="1.0" encoding="utf-8"?><testsuites name="pytest tests"><testsuite name="pytest" errors="0" failures="0" skipped="0" tests="16" time="6.151" timestamp="2026-04-02T07:35:20.264969+00:00" hostname="agent-env-c8e617b9-4a71-4960-bd8c-595ae3e6bc9f"><testcase classname="backend.tests.test_mamandouce_api.TestHealthCheck" name="test_health_endpoint" time="0.233" /><testcase classname="backend.tests.test_mamandouce_api.TestAuthentication" name="test_login_success" time="0.409" /><testcase classname="backend.tests.test_mamandouce_api.TestAuthentication" name="test_login_invalid_credentials" time="0.116" /><testcase classname="backend.tests.test_mamandouce_api.TestAuthentication" name="test_get_me_authenticated" time="0.463" /><testcase classname="backend.tests.test_mamandouce_api.TestAuthentication" name="test_get_me_unauthenticated" time="0.099" /><testcase classname="backend.tests.test_mamandouce_api.TestSubscription" name="test_get_subscription_status" time="0.450" /><testcase classname="backend.tests.test_mamandouce_api.TestSubscription" name="test_get_full_subscription_status" time="0.429" /><testcase classname="backend.tests.test_mamandouce_api.TestPostpartum" name="test_get_postpartum_content" time="0.439" /><testcase classname="backend.tests.test_mamandouce_api.TestPostpartum" name="test_get_postpartum_status" time="0.431" /><testcase classname="backend.tests.test_mamandouce_api.TestFoodLibrary" name="test_get_food_library" time="0.436" /><testcase classname="backend.tests.test_mamandouce_api.TestFoodLibrary" name="test_get_favorites" time="0.430" /><testcase classname="backend.tests.test_mamandouce_api.TestMedical" name="test_get_medical_appointments" time="0.430" /><testcase classname="backend.tests.test_mamandouce_api.TestMedical" name="test_get_upcoming_appointments" time="0.424" /><testcase classname="backend.tests.test_mamandouce_api.TestPregnancy" name="test_get_pregnancy_profile" time="0.443" /><testcase classname="backend.tests.test_mamandouce_api.TestBabyNames" name="test_get_babynames_favorites" time="0.434" /><testcase classname="backend.tests.test_mamandouce_api.TestNotifications" name="test_get_notifications" time="0.418" /></testsuite></testsuites>