<?xml version="1.0" encoding="utf-8"?><testsuites name="pytest tests"><testsuite name="pytest" errors="0" failures="0" skipped="0" tests="14" time="6.573" timestamp="2026-03-16T19:16:51.296846+00:00" hostname="agent-env-47e654a5-9502-41bb-8ce3-67bdcfd1d8d0"><testcase classname="backend.tests.test_export_csv_scheduler_alerts.TestExportCSVEndpoint" name="test_export_csv_returns_valid_csv" time="0.680" /><testcase classname="backend.tests.test_export_csv_scheduler_alerts.TestExportCSVEndpoint" name="test_export_csv_with_history" time="0.500" /><testcase classname="backend.tests.test_export_csv_scheduler_alerts.TestExportCSVEndpoint" name="test_export_csv_without_history" time="0.471" /><testcase classname="backend.tests.test_export_csv_scheduler_alerts.TestExportCSVEndpoint" name="test_export_csv_unauthorized" time="0.179" /><testcase classname="backend.tests.test_export_csv_scheduler_alerts.TestSchedulerAlertsEndpoint" name="test_scheduler_alerts_returns_correct_structure" time="0.551" /><testcase classname="backend.tests.test_export_csv_scheduler_alerts.TestSchedulerAlertsEndpoint" name="test_scheduler_alerts_health_values" time="0.527" /><testcase classname="backend.tests.test_export_csv_scheduler_alerts.TestSchedulerAlertsEndpoint" name="test_scheduler_alerts_alerts_array" time="0.463" /><testcase classname="backend.tests.test_export_csv_scheduler_alerts.TestSchedulerAlertsEndpoint" name="test_scheduler_alerts_scheduler_info" time="0.558" /><testcase classname="backend.tests.test_export_csv_scheduler_alerts.TestSchedulerAlertsEndpoint" name="test_scheduler_alerts_stats" time="0.470" /><testcase classname="backend.tests.test_export_csv_scheduler_alerts.TestSchedulerAlertsEndpoint" name="test_scheduler_alerts_unauthorized" time="0.118" /><testcase classname="backend.tests.test_export_csv_scheduler_alerts.TestSchedulerAlertsEndpoint" name="test_scheduler_running_when_healthy" time="0.492" /><testcase classname="backend.tests.test_export_csv_scheduler_alerts.TestTestSchedulerAlertEndpoint" name="test_test_alert_endpoint" time="0.723" /><testcase classname="backend.tests.test_export_csv_scheduler_alerts.TestTestSchedulerAlertEndpoint" name="test_test_alert_unauthorized" time="0.114" /><testcase classname="backend.tests.test_export_csv_scheduler_alerts.TestAlertTypes" name="test_alert_structure_when_alerts_exist" time="0.651" /></testsuite></testsuites>