<?xml version="1.0" encoding="utf-8"?><testsuites name="pytest tests"><testsuite name="pytest" errors="0" failures="0" skipped="0" tests="12" time="5.193" timestamp="2026-04-10T01:15:17.668597+00:00" hostname="agent-env-b4a895ed-4a32-45fa-b444-ea5a5e50819b"><testcase classname="backend.tests.test_tirelire_emotional.TestTirelireAPI" name="test_tirelire_balance_endpoint_exists" time="0.496" /><testcase classname="backend.tests.test_tirelire_emotional.TestTirelireAPI" name="test_tirelire_balance_discount_calculation" time="0.496" /><testcase classname="backend.tests.test_tirelire_emotional.TestTirelireAPI" name="test_tirelire_use_for_purchase_invalid_type" time="0.392" /><testcase classname="backend.tests.test_tirelire_emotional.TestTirelireAPI" name="test_tirelire_apply_referral_invalid_code" time="0.381" /><testcase classname="backend.tests.test_tirelire_emotional.TestTirelireAPI" name="test_tirelire_send_gift_invalid_type" time="0.451" /><testcase classname="backend.tests.test_tirelire_emotional.TestTirelireAPI" name="test_tirelire_send_gift_self_gift_rejected" time="0.402" /><testcase classname="backend.tests.test_tirelire_emotional.TestEmotionalIntelligenceAPI" name="test_emotional_cycle_status_endpoint" time="0.409" /><testcase classname="backend.tests.test_tirelire_emotional.TestEmotionalIntelligenceAPI" name="test_emotional_special_dates_endpoint" time="0.471" /><testcase classname="backend.tests.test_tirelire_emotional.TestEmotionalIntelligenceAPI" name="test_emotional_pending_notifications_endpoint" time="0.406" /><testcase classname="backend.tests.test_tirelire_emotional.TestEmotionalIntelligenceAPI" name="test_emotional_pregnancy_announced_endpoint" time="0.406" /><testcase classname="backend.tests.test_tirelire_emotional.TestEmotionalIntelligenceAPI" name="test_emotional_mark_celebrated_endpoint" time="0.410" /><testcase classname="backend.tests.test_tirelire_emotional.TestAdminTirelireStats" name="test_admin_tirelire_stats_endpoint" time="0.405" /></testsuite></testsuites>