<?xml version="1.0" encoding="utf-8"?><testsuites name="pytest tests"><testsuite name="pytest" errors="0" failures="0" skipped="0" tests="8" time="2.196" timestamp="2026-03-16T18:45:17.529129+00:00" hostname="agent-env-47e654a5-9502-41bb-8ce3-67bdcfd1d8d0"><testcase classname="backend.tests.test_reminder_type_email.TestReminderTypeParameter" name="test_schedule_reminder_with_both_type" time="0.614" /><testcase classname="backend.tests.test_reminder_type_email.TestReminderTypeParameter" name="test_schedule_reminder_with_push_only" time="0.140" /><testcase classname="backend.tests.test_reminder_type_email.TestReminderTypeParameter" name="test_schedule_reminder_with_email_only" time="0.148" /><testcase classname="backend.tests.test_reminder_type_email.TestReminderTypeParameter" name="test_verify_reminder_type_stored_correctly" time="0.148" /><testcase classname="backend.tests.test_reminder_type_email.TestReminderTypeParameter" name="test_update_reminder_type" time="0.261" /><testcase classname="backend.tests.test_reminder_type_email.TestReminderAPIValidation" name="test_schedule_reminder_missing_appointment_id" time="0.188" /><testcase classname="backend.tests.test_reminder_type_email.TestReminderAPIValidation" name="test_schedule_reminder_invalid_appointment" time="0.152" /><testcase classname="backend.tests.test_reminder_type_email.TestCleanup" name="test_cleanup_reminders" time="0.486" /></testsuite></testsuites>