<?xml version="1.0" encoding="utf-8"?><testsuites name="pytest tests"><testsuite name="pytest" errors="0" failures="0" skipped="0" tests="11" time="4.512" timestamp="2026-03-13T09:42:54.706313+00:00" hostname="agent-env-47e654a5-9502-41bb-8ce3-67bdcfd1d8d0"><testcase classname="tests.test_admin_api.TestAuthentication" name="test_login_with_admin_credentials" time="0.543" /><testcase classname="tests.test_admin_api.TestAuthentication" name="test_login_with_invalid_credentials" time="0.114" /><testcase classname="tests.test_admin_api.TestAdminUsers" name="test_get_admin_users" time="0.446" /><testcase classname="tests.test_admin_api.TestAdminUsers" name="test_admin_users_unauthorized" time="0.139" /><testcase classname="tests.test_admin_api.TestAdminMessages" name="test_get_admin_messages" time="0.438" /><testcase classname="tests.test_admin_api.TestAdminPendingFoods" name="test_get_pending_foods" time="0.448" /><testcase classname="tests.test_admin_api.TestAdminPromoCodes" name="test_get_promo_codes" time="0.425" /><testcase classname="tests.test_admin_api.TestAdminPromoCodes" name="test_generate_promo_code" time="0.430" /><testcase classname="tests.test_admin_api.TestContactMessage" name="test_send_contact_message" time="0.433" /><testcase classname="tests.test_admin_api.TestContactMessage" name="test_verify_message_received_in_admin" time="0.533" /><testcase classname="tests.test_admin_api.TestMeEndpoint" name="test_get_current_user" time="0.499" /></testsuite></testsuites>