<?xml version="1.0" encoding="utf-8"?><testsuites name="pytest tests"><testsuite name="pytest" errors="0" failures="0" skipped="0" tests="21" time="13.054" timestamp="2026-04-10T00:28:06.722374+00:00" hostname="agent-env-b4a895ed-4a32-45fa-b444-ea5a5e50819b"><testcase classname="backend.tests.test_new_features.TestAuthRegistration" name="test_register_with_birth_date_and_status_envie_bebe" time="2.652" /><testcase classname="backend.tests.test_new_features.TestAuthRegistration" name="test_register_with_birth_date_and_status_enceinte" time="0.587" /><testcase classname="backend.tests.test_new_features.TestAuthRegistration" name="test_register_without_optional_fields" time="0.524" /><testcase classname="backend.tests.test_new_features.TestPricingConfiguration" name="test_premium_price_is_30_euros" time="1.067" /><testcase classname="backend.tests.test_new_features.TestPricingConfiguration" name="test_postpartum_price_is_10_euros" time="0.820" /><testcase classname="backend.tests.test_new_features.TestAdminAccountingKPIs" name="test_get_accounting_kpis_structure" time="0.461" /><testcase classname="backend.tests.test_new_features.TestAdminAccountingKPIs" name="test_get_accounting_kpis_with_month_param" time="0.444" /><testcase classname="backend.tests.test_new_features.TestAdminAccountingKPIs" name="test_get_monthly_evolution" time="0.457" /><testcase classname="backend.tests.test_new_features.TestAdminAccountingKPIs" name="test_get_strategic_alerts" time="0.455" /><testcase classname="backend.tests.test_new_features.TestAdminAccountingKPIs" name="test_accounting_requires_admin" time="0.462" /><testcase classname="backend.tests.test_new_features.TestAdminContributions" name="test_get_pending_contributions" time="0.476" /><testcase classname="backend.tests.test_new_features.TestAdminContributions" name="test_get_all_contributions" time="0.472" /><testcase classname="backend.tests.test_new_features.TestAdminContributions" name="test_contributions_requires_admin" time="0.509" /><testcase classname="backend.tests.test_new_features.TestUserContributions" name="test_get_badge_progress" time="0.469" /><testcase classname="backend.tests.test_new_features.TestUserContributions" name="test_get_gift_eligibility" time="0.493" /><testcase classname="backend.tests.test_new_features.TestUserContributions" name="test_get_my_contributions" time="0.490" /><testcase classname="backend.tests.test_new_features.TestUserContributions" name="test_submit_contribution" time="0.476" /><testcase classname="backend.tests.test_new_features.TestUserContributions" name="test_submit_contribution_invalid_type" time="0.452" /><testcase classname="backend.tests.test_new_features.TestTrophiesPage" name="test_trophies_data_available" time="0.686" /><testcase classname="backend.tests.test_new_features.TestHealthCheck" name="test_api_is_accessible" time="0.168" /><testcase classname="backend.tests.test_new_features.TestHealthCheck" name="test_admin_login_works" time="0.345" /></testsuite></testsuites>