<?xml version="1.0" encoding="utf-8"?><testsuites name="pytest tests"><testsuite name="pytest" errors="0" failures="0" skipped="0" tests="11" time="2.252" timestamp="2026-03-15T09:10:58.645006+00:00" hostname="agent-env-47e654a5-9502-41bb-8ce3-67bdcfd1d8d0"><testcase classname="tests.test_postpartum_endpoints.TestPostpartumAccountManagement" name="test_account_status_returns_correct_fields" time="0.470" /><testcase classname="tests.test_postpartum_endpoints.TestPostpartumAccountManagement" name="test_account_status_no_postpartum_user" time="0.107" /><testcase classname="tests.test_postpartum_endpoints.TestPostpartumAccountManagement" name="test_export_data_returns_user_info" time="0.104" /><testcase classname="tests.test_postpartum_endpoints.TestPostpartumAccountManagement" name="test_export_data_contains_pregnancy_profile" time="0.104" /><testcase classname="tests.test_postpartum_endpoints.TestPostpartumAccountManagement" name="test_archive_account_requires_postpartum_expired" time="0.169" /><testcase classname="tests.test_postpartum_endpoints.TestPostpartumAccountManagement" name="test_archive_account_error_for_no_birth_date" time="0.101" /><testcase classname="tests.test_postpartum_endpoints.TestPostpartumAccountManagement" name="test_early_archive_endpoint_accessible" time="0.103" /><testcase classname="tests.test_postpartum_endpoints.TestPostpartumAccountManagement" name="test_account_status_requires_auth" time="0.098" /><testcase classname="tests.test_postpartum_endpoints.TestPostpartumAccountManagement" name="test_export_data_requires_auth" time="0.101" /><testcase classname="tests.test_postpartum_endpoints.TestPostpartumAccountManagement" name="test_archive_account_requires_auth" time="0.105" /><testcase classname="tests.test_postpartum_endpoints.TestPostpartumStatus" name="test_postpartum_status_endpoint" time="0.742" /></testsuite></testsuites>