<?xml version="1.0" encoding="utf-8"?><testsuites name="pytest tests"><testsuite name="pytest" errors="0" failures="0" skipped="0" tests="13" time="4.622" timestamp="2026-04-11T23:58:51.799285+00:00" hostname="agent-env-1e3b0052-630f-4471-b889-6bdaf9d85e75"><testcase classname="backend.tests.test_payments_billing_alerts.TestCheckoutSessionEndpoint" name="test_checkout_accepts_price_id" time="1.186" /><testcase classname="backend.tests.test_payments_billing_alerts.TestCheckoutSessionEndpoint" name="test_checkout_accepts_package_id_legacy" time="0.485" /><testcase classname="backend.tests.test_payments_billing_alerts.TestCheckoutSessionEndpoint" name="test_checkout_rejects_invalid_package" time="0.111" /><testcase classname="backend.tests.test_payments_billing_alerts.TestCheckoutSessionEndpoint" name="test_checkout_does_not_accept_amount" time="0.470" /><testcase classname="backend.tests.test_payments_billing_alerts.TestCheckoutSessionEndpoint" name="test_checkout_supports_promo_code" time="0.639" /><testcase classname="backend.tests.test_payments_billing_alerts.TestCheckoutSessionEndpoint" name="test_checkout_requires_origin_url" time="0.127" /><testcase classname="backend.tests.test_payments_billing_alerts.TestBillingAlertsEndpoints" name="test_get_billing_alerts_admin_only" time="0.121" /><testcase classname="backend.tests.test_payments_billing_alerts.TestBillingAlertsEndpoints" name="test_get_billing_alerts_requires_auth" time="0.129" /><testcase classname="backend.tests.test_payments_billing_alerts.TestBillingAlertsEndpoints" name="test_resolve_billing_alert_requires_admin" time="0.223" /><testcase classname="backend.tests.test_payments_billing_alerts.TestBillingAlertsEndpoints" name="test_resolve_billing_alert_requires_auth" time="0.121" /><testcase classname="backend.tests.test_payments_billing_alerts.TestSubscriptionPackages" name="test_annual_package_exists" time="0.472" /><testcase classname="backend.tests.test_payments_billing_alerts.TestSubscriptionPackages" name="test_postpartum_package_exists" time="0.466" /><testcase classname="backend.tests.test_payments_billing_alerts.TestBillingAlertsLogFile" name="test_billing_alerts_log_exists" time="0.000" /></testsuite></testsuites>