<?xml version="1.0" encoding="utf-8"?><testsuites name="pytest tests"><testsuite name="pytest" errors="0" failures="0" skipped="0" tests="14" time="37.220" timestamp="2026-05-11T23:39:57.802721+00:00" hostname="agent-env-1be78414-4ae4-4116-8f1c-311ef9f26734"><testcase classname="backend.tests.test_neriacorp_scanner.TestScannerApps" name="test_apps_admin_returns_5_apps" time="0.537" /><testcase classname="backend.tests.test_neriacorp_scanner.TestScannerApps" name="test_apps_non_admin_403" time="0.469" /><testcase classname="backend.tests.test_neriacorp_scanner.TestScannerAnalyze" name="test_analyze_no_input_400" time="0.121" /><testcase classname="backend.tests.test_neriacorp_scanner.TestScannerAnalyze" name="test_analyze_non_admin_403" time="0.122" /><testcase classname="backend.tests.test_neriacorp_scanner.TestScannerAnalyze" name="test_analyze_image_admin_returns_structured" time="2.531" /><testcase classname="backend.tests.test_neriacorp_scanner.TestScannerAnalyze" name="test_analyze_text_only_admin" time="1.463" /><testcase classname="backend.tests.test_neriacorp_scanner.TestScannerAudit" name="test_audit_admin_returns_aggregates" time="0.136" /><testcase classname="backend.tests.test_neriacorp_scanner.TestScannerAudit" name="test_audit_non_admin_403" time="0.113" /><testcase classname="backend.tests.test_neriacorp_scanner.TestScannerAnalyzeVideo" name="test_analyze_video_no_file_422" time="0.108" /><testcase classname="backend.tests.test_neriacorp_scanner.TestScannerAnalyzeVideo" name="test_analyze_video_non_admin_403" time="0.126" /><testcase classname="backend.tests.test_neriacorp_scanner.TestScannerAnalyzeVideo" name="test_analyze_video_invalid_mime_400" time="0.180" /><testcase classname="backend.tests.test_neriacorp_scanner.TestScannerAnalyzeVideo" name="test_analyze_video_too_large_413" time="17.150" /><testcase classname="backend.tests.test_neriacorp_scanner.TestScannerAnalyzeVideo" name="test_analyze_video_admin_success" time="13.881" /><testcase classname="backend.tests.test_neriacorp_scanner.TestScannerAnalyzeVideo" name="test_audit_contains_video_entry" time="0.176" /></testsuite></testsuites>