<?xml version="1.0" encoding="utf-8"?><testsuites name="pytest tests"><testsuite name="pytest" errors="0" failures="0" skipped="0" tests="16" time="7.873" timestamp="2026-03-15T01:48:13.314354+00:00" hostname="agent-env-47e654a5-9502-41bb-8ce3-67bdcfd1d8d0"><testcase classname="tests.test_iteration5.TestHealth" name="test_backend_accessible" time="0.236" /><testcase classname="tests.test_iteration5.TestAuthentication" name="test_admin_login" time="0.372" /><testcase classname="tests.test_iteration5.TestNotificationPreferences" name="test_get_notification_preferences" time="0.500" /><testcase classname="tests.test_iteration5.TestNotificationPreferences" name="test_update_notification_preferences" time="0.583" /><testcase classname="tests.test_iteration5.TestSubscriptionStatus" name="test_get_subscription_status" time="0.466" /><testcase classname="tests.test_iteration5.TestTwoFactorAuth" name="test_get_2fa_status" time="0.481" /><testcase classname="tests.test_iteration5.TestTwoFactorAuth" name="test_toggle_2fa_enable" time="0.597" /><testcase classname="tests.test_iteration5.TestTwoFactorAuth" name="test_toggle_2fa_disable" time="0.532" /><testcase classname="tests.test_iteration5.TestAdminSetRole" name="test_get_users_list" time="0.446" /><testcase classname="tests.test_iteration5.TestAdminSetRole" name="test_set_role_invalid_role" time="0.570" /><testcase classname="tests.test_iteration5.TestAdminSetRole" name="test_admin_cannot_remove_own_role" time="0.662" /><testcase classname="tests.test_iteration5.TestAdminStats" name="test_get_admin_stats" time="0.476" /><testcase classname="tests.test_iteration5.TestAdminTabs" name="test_get_promo_codes" time="0.503" /><testcase classname="tests.test_iteration5.TestAdminTabs" name="test_get_pending_foods" time="0.470" /><testcase classname="tests.test_iteration5.TestAdminTabs" name="test_get_admin_messages" time="0.450" /><testcase classname="tests.test_iteration5.TestAdminTabs" name="test_get_refund_requests" time="0.448" /></testsuite></testsuites>