<?xml version="1.0" encoding="utf-8"?><testsuites name="pytest tests"><testsuite name="pytest" errors="0" failures="0" skipped="0" tests="9" time="4.241" timestamp="2026-03-17T14:42:53.910452+00:00" hostname="agent-env-47e654a5-9502-41bb-8ce3-67bdcfd1d8d0"><testcase classname="backend.tests.test_avatar_config.TestAvatarConfig" name="test_get_me_returns_avatar_config_field" time="0.503" /><testcase classname="backend.tests.test_avatar_config.TestAvatarConfig" name="test_update_profile_with_avatar_config" time="0.407" /><testcase classname="backend.tests.test_avatar_config.TestAvatarConfig" name="test_update_profile_with_full_avatar_config" time="0.500" /><testcase classname="backend.tests.test_avatar_config.TestAvatarConfig" name="test_update_profile_clear_avatar_config" time="0.545" /><testcase classname="backend.tests.test_avatar_config.TestAvatarConfig" name="test_update_profile_invalid_avatar_config_keys" time="0.419" /><testcase classname="backend.tests.test_avatar_config.TestAvatarConfig" name="test_update_profile_with_display_name_and_avatar_config" time="0.418" /><testcase classname="backend.tests.test_avatar_config.TestAvatarConfig" name="test_get_me_after_avatar_config_update" time="0.437" /><testcase classname="backend.tests.test_avatar_config.TestAvatarConfig" name="test_avatar_config_with_hijab_option" time="0.453" /><testcase classname="backend.tests.test_avatar_config.TestAvatarConfigEdgeCases" name="test_avatar_config_preserves_other_profile_fields" time="0.502" /></testsuite></testsuites>