<?xml version="1.0" encoding="utf-8"?><testsuites name="pytest tests"><testsuite name="pytest" errors="0" failures="0" skipped="0" tests="9" time="4.638" timestamp="2026-04-08T09:38:16.171742+00:00" hostname="agent-env-4ed25c1c-e808-40ba-ba34-3cdbace90054"><testcase classname="backend.tests.test_food_scanner_gamification.TestFoodScannerGamification" name="test_login_success" time="0.410" /><testcase classname="backend.tests.test_food_scanner_gamification.TestFoodScannerGamification" name="test_user_added_foods_endpoint_exists" time="0.369" /><testcase classname="backend.tests.test_food_scanner_gamification.TestFoodScannerGamification" name="test_user_added_foods_requires_auth" time="0.138" /><testcase classname="backend.tests.test_food_scanner_gamification.TestFoodScannerGamification" name="test_get_user_added_foods" time="0.398" /><testcase classname="backend.tests.test_food_scanner_gamification.TestFoodScannerGamification" name="test_food_library_endpoint" time="0.408" /><testcase classname="backend.tests.test_food_scanner_gamification.TestFoodScannerGamification" name="test_scan_image_endpoint_exists" time="2.026" /><testcase classname="backend.tests.test_food_scanner_gamification.TestFoodScannerGamification" name="test_scan_image_requires_auth" time="0.101" /><testcase classname="backend.tests.test_food_scanner_gamification.TestFoodScannerGamification" name="test_scan_history_endpoint" time="0.365" /><testcase classname="backend.tests.test_food_scanner_gamification.TestFoodScannerGamification" name="test_favorites_endpoint" time="0.365" /></testsuite></testsuites>