<?xml version="1.0" encoding="utf-8"?><testsuites name="pytest tests"><testsuite name="pytest" errors="0" failures="0" skipped="0" tests="13" time="6.223" timestamp="2026-03-17T13:09:13.046700+00:00" hostname="agent-env-47e654a5-9502-41bb-8ce3-67bdcfd1d8d0"><testcase classname="backend.tests.test_profile_update.TestProfileUpdate" name="test_get_me_returns_display_name_and_avatar_fields" time="0.640" /><testcase classname="backend.tests.test_profile_update.TestProfileUpdate" name="test_update_display_name_success" time="0.474" /><testcase classname="backend.tests.test_profile_update.TestProfileUpdate" name="test_update_display_name_empty_clears_value" time="0.559" /><testcase classname="backend.tests.test_profile_update.TestProfileUpdate" name="test_update_display_name_max_length" time="0.373" /><testcase classname="backend.tests.test_profile_update.TestProfileUpdate" name="test_update_avatar_success" time="0.518" /><testcase classname="backend.tests.test_profile_update.TestProfileUpdate" name="test_update_avatar_too_large" time="0.503" /><testcase classname="backend.tests.test_profile_update.TestProfileUpdate" name="test_update_avatar_invalid_format" time="0.455" /><testcase classname="backend.tests.test_profile_update.TestProfileUpdate" name="test_update_avatar_clear" time="0.484" /><testcase classname="backend.tests.test_profile_update.TestProfileUpdate" name="test_update_both_display_name_and_avatar" time="0.432" /><testcase classname="backend.tests.test_profile_update.TestProfileUpdate" name="test_update_profile_no_changes" time="0.379" /><testcase classname="backend.tests.test_profile_update.TestProfileUpdate" name="test_profile_update_requires_auth" time="0.478" /><testcase classname="backend.tests.test_profile_update.TestHomepageDisplayName" name="test_me_returns_display_name_for_homepage_greeting" time="0.458" /><testcase classname="backend.tests.test_profile_update.TestHomepageDisplayName" name="test_me_returns_avatar_for_homepage" time="0.403" /></testsuite></testsuites>