<?xml version="1.0" encoding="utf-8"?><testsuites name="pytest tests"><testsuite name="pytest" errors="0" failures="0" skipped="0" tests="8" time="18.965" timestamp="2026-05-11T23:39:27.448288+00:00" hostname="agent-env-1be78414-4ae4-4116-8f1c-311ef9f26734"><testcase classname="backend.tests.test_neriacorp_publish.TestAppsConfiguredFlag" name="test_apps_returns_configured_flag" time="0.661" /><testcase classname="backend.tests.test_neriacorp_publish.TestPublishUnconfigured" name="test_publish_unconfigured_returns_mock" time="0.118" /><testcase classname="backend.tests.test_neriacorp_publish.TestPublishUnconfigured" name="test_publish_invalid_app_400" time="0.142" /><testcase classname="backend.tests.test_neriacorp_publish.TestPublishUnconfigured" name="test_publish_non_admin_403" time="0.862" /><testcase classname="backend.tests.test_neriacorp_publish.TestPublishLive" name="test_publish_live_with_mock_server" time="5.493" /><testcase classname="backend.tests.test_neriacorp_publish.TestPublishUnreachableFallback" name="test_publish_unreachable_url_falls_back_after_retries" time="6.394" /><testcase classname="backend.tests.test_neriacorp_publish.TestPublicationsFields" name="test_publications_have_new_fields" time="0.124" /><testcase classname="backend.tests.test_neriacorp_publish.TestRegression" name="test_audit_still_works" time="5.101" /></testsuite></testsuites>