<?xml version="1.0" encoding="utf-8"?><testsuites name="pytest tests"><testsuite name="pytest" errors="0" failures="0" skipped="0" tests="11" time="5.411" timestamp="2026-03-15T15:03:08.323332+00:00" hostname="agent-env-47e654a5-9502-41bb-8ce3-67bdcfd1d8d0"><testcase classname="tests.test_postpartum_favorites.TestAuthAndPostpartumAccess" name="test_login_admin_user" time="0.376" /><testcase classname="tests.test_postpartum_favorites.TestAuthAndPostpartumAccess" name="test_postpartum_status" time="0.485" /><testcase classname="tests.test_postpartum_favorites.TestAuthAndPostpartumAccess" name="test_postpartum_content_loads" time="0.465" /><testcase classname="tests.test_postpartum_favorites.TestFavoritesFeature" name="test_get_favorites_empty_or_list" time="0.456" /><testcase classname="tests.test_postpartum_favorites.TestFavoritesFeature" name="test_toggle_favorite_add" time="0.444" /><testcase classname="tests.test_postpartum_favorites.TestFavoritesFeature" name="test_toggle_favorite_remove" time="0.678" /><testcase classname="tests.test_postpartum_favorites.TestFavoritesFeature" name="test_favorites_persistence" time="0.590" /><testcase classname="tests.test_postpartum_favorites.TestDifficultiesSection" name="test_difficulties_content_exists" time="0.459" /><testcase classname="tests.test_postpartum_favorites.TestPrecautionsSection" name="test_precautions_content_exists" time="0.494" /><testcase classname="tests.test_postpartum_favorites.TestRecipesContent" name="test_recipes_have_categories" time="0.440" /><testcase classname="tests.test_postpartum_favorites.TestNavigationTabs" name="test_all_sections_present" time="0.464" /></testsuite></testsuites>