<?xml version="1.0" encoding="utf-8"?><testsuites name="pytest tests"><testsuite name="pytest" errors="0" failures="0" skipped="0" tests="15" time="9.672" timestamp="2026-04-10T01:34:53.864455+00:00" hostname="agent-env-b4a895ed-4a32-45fa-b444-ea5a5e50819b"><testcase classname="backend.tests.test_v450_features.TestAuthentication" name="test_login_success" time="0.486" /><testcase classname="backend.tests.test_v450_features.TestNameComparator" name="test_compare_names_success" time="0.463" /><testcase classname="backend.tests.test_v450_features.TestNameComparator" name="test_compare_names_minimum_two_required" time="0.449" /><testcase classname="backend.tests.test_v450_features.TestNameComparator" name="test_compare_names_maximum_five" time="0.507" /><testcase classname="backend.tests.test_v450_features.TestNameComparator" name="test_comparison_history" time="0.460" /><testcase classname="backend.tests.test_v450_features.TestTTSPronunciation" name="test_pronounce_base64_endpoint_exists" time="2.940" /><testcase classname="backend.tests.test_v450_features.TestTTSPronunciation" name="test_pronounce_name_too_long" time="0.473" /><testcase classname="backend.tests.test_v450_features.TestGoldModeration" name="test_moderation_pending_requires_gold_status" time="0.470" /><testcase classname="backend.tests.test_v450_features.TestGoldModeration" name="test_moderation_my_votes_requires_gold" time="0.481" /><testcase classname="backend.tests.test_v450_features.TestEmotionalIntelligence" name="test_cycle_status_returns_status" time="0.471" /><testcase classname="backend.tests.test_v450_features.TestEmotionalIntelligence" name="test_special_dates_returns_messages" time="0.517" /><testcase classname="backend.tests.test_v450_features.TestEmotionalIntelligence" name="test_pending_notifications" time="0.465" /><testcase classname="backend.tests.test_v450_features.TestEmotionalIntelligence" name="test_pregnancy_announced" time="0.492" /><testcase classname="backend.tests.test_v450_features.TestEmotionalIntelligence" name="test_mark_celebrated" time="0.458" /><testcase classname="backend.tests.test_v450_features.TestTirelireIntegration" name="test_tirelire_balance" time="0.452" /></testsuite></testsuites>