<?xml version="1.0" encoding="utf-8"?><testsuites name="pytest tests"><testsuite name="pytest" errors="0" failures="0" skipped="0" tests="9" time="4.542" timestamp="2026-03-16T18:32:55.387619+00:00" hostname="agent-env-47e654a5-9502-41bb-8ce3-67bdcfd1d8d0"><testcase classname="backend.tests.test_medical_reminders.TestMedicalReminderAPIs" name="test_get_scheduled_reminders" time="0.503" /><testcase classname="backend.tests.test_medical_reminders.TestMedicalReminderAPIs" name="test_schedule_reminder_for_appointment" time="0.528" /><testcase classname="backend.tests.test_medical_reminders.TestMedicalReminderAPIs" name="test_schedule_reminder_invalid_appointment" time="0.608" /><testcase classname="backend.tests.test_medical_reminders.TestMedicalReminderAPIs" name="test_schedule_reminder_missing_fields" time="0.458" /><testcase classname="backend.tests.test_medical_reminders.TestMedicalReminderAPIs" name="test_delete_reminder" time="0.515" /><testcase classname="backend.tests.test_medical_reminders.TestMedicalReminderAPIs" name="test_delete_nonexistent_reminder" time="0.440" /><testcase classname="backend.tests.test_medical_reminders.TestMedicalReminderAPIs" name="test_update_existing_reminder" time="0.590" /><testcase classname="backend.tests.test_medical_reminders.TestMedicalAppointmentsIntegration" name="test_get_medical_appointments" time="0.395" /><testcase classname="backend.tests.test_medical_reminders.TestMessageNotificationBadge" name="test_get_my_messages_includes_unread_count" time="0.454" /></testsuite></testsuites>