<?xml version="1.0" encoding="utf-8"?><testsuites name="pytest tests"><testsuite name="pytest" errors="0" failures="0" skipped="0" tests="7" time="2.930" timestamp="2026-03-30T19:27:50.335122+00:00" hostname="agent-env-47e654a5-9502-41bb-8ce3-67bdcfd1d8d0"><testcase classname="tests.test_user_layout.TestUserLayoutAPI" name="test_get_layout_authenticated" time="0.443" /><testcase classname="tests.test_user_layout.TestUserLayoutAPI" name="test_put_layout_save" time="0.421" /><testcase classname="tests.test_user_layout.TestUserLayoutAPI" name="test_get_layout_after_save" time="0.515" /><testcase classname="tests.test_user_layout.TestUserLayoutAPI" name="test_delete_layout" time="0.396" /><testcase classname="tests.test_user_layout.TestUserLayoutAPI" name="test_get_layout_after_delete" time="0.448" /><testcase classname="tests.test_user_layout.TestUserLayoutAPI" name="test_get_layout_unauthenticated" time="0.500" /><testcase classname="tests.test_user_layout.TestHealthCheck" name="test_health_endpoint" time="0.157" /></testsuite></testsuites>