<?xml version="1.0" encoding="utf-8"?><testsuites name="pytest tests"><testsuite name="pytest" errors="0" failures="0" skipped="0" tests="7" time="3.563" timestamp="2026-05-10T09:59:49.470941+00:00" hostname="agent-env-1be78414-4ae4-4116-8f1c-311ef9f26734"><testcase classname="backend.tests.test_community_leaderboard.TestCommunityLeaderboard" name="test_login_works" time="0.747" /><testcase classname="backend.tests.test_community_leaderboard.TestCommunityLeaderboard" name="test_community_stats_endpoint_returns_200" time="0.477" /><testcase classname="backend.tests.test_community_leaderboard.TestCommunityLeaderboard" name="test_community_stats_has_total_contributors" time="0.498" /><testcase classname="backend.tests.test_community_leaderboard.TestCommunityLeaderboard" name="test_community_stats_has_total_contributions" time="0.469" /><testcase classname="backend.tests.test_community_leaderboard.TestCommunityLeaderboard" name="test_community_stats_has_badges_counts" time="0.432" /><testcase classname="backend.tests.test_community_leaderboard.TestCommunityLeaderboard" name="test_community_stats_has_badge_names_with_marraine_or" time="0.452" /><testcase classname="backend.tests.test_community_leaderboard.TestCommunityLeaderboard" name="test_badge_progress_endpoint" time="0.428" /></testsuite></testsuites>