<?xml version="1.0" encoding="utf-8"?><testsuites name="pytest tests"><testsuite name="pytest" errors="0" failures="0" skipped="0" tests="15" time="9.148" timestamp="2026-03-15T01:25:21.321090+00:00" hostname="agent-env-47e654a5-9502-41bb-8ce3-67bdcfd1d8d0"><testcase classname="backend.tests.test_auth_features.TestLoginAndAuth" name="test_login_success" time="0.526" /><testcase classname="backend.tests.test_auth_features.TestLoginAndAuth" name="test_login_invalid_password" time="0.717" /><testcase classname="backend.tests.test_auth_features.TestLoginAndAuth" name="test_login_nonexistent_user" time="0.106" /><testcase classname="backend.tests.test_auth_features.TestLoginAndAuth" name="test_get_current_user" time="0.492" /><testcase classname="backend.tests.test_auth_features.TestAccountLockout" name="test_account_lockout_after_4_attempts" time="1.859" /><testcase classname="backend.tests.test_auth_features.TestAccountLockout" name="test_remaining_attempts_message" time="0.690" /><testcase classname="backend.tests.test_auth_features.TestPasswordUpdate" name="test_password_update_success" time="1.233" /><testcase classname="backend.tests.test_auth_features.TestPasswordUpdate" name="test_password_update_wrong_current" time="0.660" /><testcase classname="backend.tests.test_auth_features.TestPasswordUpdate" name="test_password_update_too_short" time="0.659" /><testcase classname="backend.tests.test_auth_features.TestPasswordUpdate" name="test_password_update_unauthenticated" time="0.106" /><testcase classname="backend.tests.test_auth_features.TestEmailUpdate" name="test_email_update_success" time="0.561" /><testcase classname="backend.tests.test_auth_features.TestEmailUpdate" name="test_email_update_already_used" time="0.774" /><testcase classname="backend.tests.test_auth_features.TestEmailUpdate" name="test_email_update_unauthenticated" time="0.112" /><testcase classname="backend.tests.test_auth_features.TestEndPremium" name="test_end_premium_unauthenticated" time="0.111" /><testcase classname="backend.tests.test_auth_features.TestEndPremium" name="test_end_premium_no_premium" time="0.464" /></testsuite></testsuites>