<?xml version="1.0" encoding="utf-8"?><testsuites name="pytest tests"><testsuite name="pytest" errors="0" failures="0" skipped="0" tests="8" time="2.060" timestamp="2026-03-17T12:40:08.491546+00:00" hostname="agent-env-47e654a5-9502-41bb-8ce3-67bdcfd1d8d0"><testcase classname="tests.test_push_notifications.TestVapidPublicKey" name="test_get_vapid_public_key_success" time="0.253" /><testcase classname="tests.test_push_notifications.TestNotificationPreferences" name="test_get_notification_preferences_success" time="0.490" /><testcase classname="tests.test_push_notifications.TestNotificationPreferences" name="test_get_notification_preferences_without_auth_fails" time="0.160" /><testcase classname="tests.test_push_notifications.TestNotificationPreferences" name="test_update_notification_preferences_success" time="0.452" /><testcase classname="tests.test_push_notifications.TestPushSubscription" name="test_subscribe_to_push_success" time="0.153" /><testcase classname="tests.test_push_notifications.TestPushSubscription" name="test_subscribe_without_auth_fails" time="0.098" /><testcase classname="tests.test_push_notifications.TestPushSubscription" name="test_unsubscribe_from_push_success" time="0.223" /><testcase classname="tests.test_push_notifications.TestHealthCheck" name="test_health_endpoint" time="0.173" /></testsuite></testsuites>