<?xml version="1.0" encoding="utf-8"?><testsuites name="pytest tests"><testsuite name="pytest" errors="0" failures="1" skipped="0" tests="19" time="5.218" timestamp="2026-03-17T13:46:55.687053+00:00" hostname="agent-env-47e654a5-9502-41bb-8ce3-67bdcfd1d8d0"><testcase classname="backend.tests.test_contact_images.TestContactSendWithImages" name="test_send_message_without_images" time="0.698" /><testcase classname="backend.tests.test_contact_images.TestContactSendWithImages" name="test_send_message_with_one_image" time="0.161" /><testcase classname="backend.tests.test_contact_images.TestContactSendWithImages" name="test_send_message_with_three_images" time="0.146" /><testcase classname="backend.tests.test_contact_images.TestContactSendWithImages" name="test_send_message_with_more_than_three_images" time="0.156" /><testcase classname="backend.tests.test_contact_images.TestContactSendWithImages" name="test_send_message_with_invalid_image_format" time="0.135" /><testcase classname="backend.tests.test_contact_images.TestContactSendWithImages" name="test_send_message_with_empty_images_list" time="0.135" /><testcase classname="backend.tests.test_contact_images.TestGetMyMessagesWithImages" name="test_get_my_messages_returns_images" time="0.534" /><testcase classname="backend.tests.test_contact_images.TestGetMyMessagesWithImages" name="test_messages_structure_includes_images_field" time="0.181"><failure message="TypeError: object of type 'NoneType' has no len()">backend/tests/test_contact_images.py:213: in test_messages_structure_includes_images_field
    print(f"PASS: Message structure correct, has {len(msg.get('images', []))} images")
                                                  ^^^^^^^^^^^^^^^^^^^^^^^^^^
E   TypeError: object of type 'NoneType' has no len()</failure></testcase><testcase classname="backend.tests.test_contact_images.TestConversationReplyWithImages" name="test_reply_with_images" time="0.668" /><testcase classname="backend.tests.test_contact_images.TestConversationReplyWithImages" name="test_reply_with_multiple_images" time="0.298" /><testcase classname="backend.tests.test_contact_images.TestConversationReplyWithImages" name="test_reply_without_images" time="0.312" /><testcase classname="backend.tests.test_contact_images.TestConversationReplyWithImages" name="test_reply_images_in_conversation_history" time="0.397" /><testcase classname="backend.tests.test_contact_images.TestConversationReplyWithImages" name="test_reply_to_nonexistent_message" time="0.147" /><testcase classname="backend.tests.test_contact_images.TestImageValidation" name="test_rejects_non_base64_images" time="0.479" /><testcase classname="backend.tests.test_contact_images.TestImageValidation" name="test_handles_none_images" time="0.129" /><testcase classname="backend.tests.test_contact_images.TestImageValidation" name="test_max_three_images_enforced" time="0.132" /><testcase classname="backend.tests.test_contact_images.TestUnauthorizedAccess" name="test_send_without_auth" time="0.126" /><testcase classname="backend.tests.test_contact_images.TestUnauthorizedAccess" name="test_get_messages_without_auth" time="0.129" /><testcase classname="backend.tests.test_contact_images.TestUnauthorizedAccess" name="test_reply_without_auth" time="0.139" /></testsuite></testsuites>