<?xml version="1.0" encoding="utf-8"?><testsuites name="pytest tests"><testsuite name="pytest" errors="0" failures="0" skipped="0" tests="11" time="3.643" timestamp="2026-04-08T01:10:09.150192+00:00" hostname="agent-env-4ed25c1c-e808-40ba-ba34-3cdbace90054"><testcase classname="backend.tests.test_referral_solidarity.TestAuth" name="test_login_success" time="0.440" /><testcase classname="backend.tests.test_referral_solidarity.TestReferralCode" name="test_get_referral_code" time="0.457" /><testcase classname="backend.tests.test_referral_solidarity.TestReferralCode" name="test_referral_code_consistency" time="0.246" /><testcase classname="backend.tests.test_referral_solidarity.TestReferralCode" name="test_referral_code_unauthorized" time="0.123" /><testcase classname="backend.tests.test_referral_solidarity.TestReferralStatus" name="test_get_referral_status" time="0.469" /><testcase classname="backend.tests.test_referral_solidarity.TestSolidarityWallet" name="test_get_wallet" time="0.449" /><testcase classname="backend.tests.test_referral_solidarity.TestSolidarityWallet" name="test_wallet_unauthorized" time="0.112" /><testcase classname="backend.tests.test_referral_solidarity.TestSolidarityBadges" name="test_get_badges" time="0.472" /><testcase classname="backend.tests.test_referral_solidarity.TestReferralValidation" name="test_validate_invalid_code" time="0.137" /><testcase classname="backend.tests.test_referral_solidarity.TestReferralValidation" name="test_validate_valid_code" time="0.539" /><testcase classname="backend.tests.test_referral_solidarity.TestRelaisMamanStats" name="test_get_relais_maman_stats" time="0.110" /></testsuite></testsuites>