<?xml version="1.0" encoding="utf-8"?><testsuites name="pytest tests"><testsuite name="pytest" errors="0" failures="0" skipped="0" tests="8" time="3.756" timestamp="2026-05-10T09:37:02.429647+00:00" hostname="agent-env-1be78414-4ae4-4116-8f1c-311ef9f26734"><testcase classname="backend.tests.test_gamification_features.TestAuthentication" name="test_admin_login" time="0.393" /><testcase classname="backend.tests.test_gamification_features.TestGamificationSystem" name="test_get_gamification_status" time="0.438" /><testcase classname="backend.tests.test_gamification_features.TestGamificationSystem" name="test_toggle_gamification_optin" time="0.652" /><testcase classname="backend.tests.test_gamification_features.TestGamificationSystem" name="test_get_badge_progress" time="0.439" /><testcase classname="backend.tests.test_gamification_features.TestContributionsEndpoints" name="test_get_my_contributions" time="0.430" /><testcase classname="backend.tests.test_gamification_features.TestContributionsEndpoints" name="test_get_gift_eligibility" time="0.445" /><testcase classname="backend.tests.test_gamification_features.TestRemindersAPI" name="test_get_scheduled_reminders" time="0.438" /><testcase classname="backend.tests.test_gamification_features.TestRecipesAPI" name="test_get_my_recipes" time="0.458" /></testsuite></testsuites>