<?xml version="1.0" encoding="utf-8"?><testsuites name="pytest tests"><testsuite name="pytest" errors="0" failures="0" skipped="0" tests="13" time="4.829" timestamp="2026-04-09T18:55:01.582114+00:00" hostname="agent-env-d21fb8fb-d638-48f8-bd33-45a691f7206e"><testcase classname="tests.test_admin_kpi_city.TestKPIStats" name="test_kpi_stats_returns_200" time="0.700" /><testcase classname="tests.test_admin_kpi_city.TestKPIStats" name="test_kpi_stats_has_required_fields" time="0.167" /><testcase classname="tests.test_admin_kpi_city.TestKPIStats" name="test_kpi_stats_values_are_valid" time="0.146" /><testcase classname="tests.test_admin_kpi_city.TestCityStats" name="test_city_stats_returns_200" time="0.472" /><testcase classname="tests.test_admin_kpi_city.TestCityStats" name="test_city_stats_has_required_fields" time="0.140" /><testcase classname="tests.test_admin_kpi_city.TestCityStats" name="test_city_stats_cities_structure" time="0.113" /><testcase classname="tests.test_admin_kpi_city.TestChartStats" name="test_chart_stats_returns_200" time="0.479" /><testcase classname="tests.test_admin_kpi_city.TestChartStats" name="test_chart_stats_has_registrations_30d" time="0.132" /><testcase classname="tests.test_admin_kpi_city.TestDeleteAllMessages" name="test_delete_all_messages_returns_200" time="1.920" /><testcase classname="tests.test_admin_kpi_city.TestDeleteAllMessages" name="test_delete_all_messages_response_structure" time="0.114" /><testcase classname="tests.test_admin_kpi_city.TestUnauthorizedAccess" name="test_kpi_stats_requires_auth" time="0.114" /><testcase classname="tests.test_admin_kpi_city.TestUnauthorizedAccess" name="test_city_stats_requires_auth" time="0.121" /><testcase classname="tests.test_admin_kpi_city.TestUnauthorizedAccess" name="test_delete_messages_requires_auth" time="0.134" /></testsuite></testsuites>