<?xml version="1.0" encoding="utf-8"?><testsuites name="pytest tests"><testsuite name="pytest" errors="0" failures="0" skipped="0" tests="13" time="2.997" timestamp="2026-03-16T19:05:22.068812+00:00" hostname="agent-env-47e654a5-9502-41bb-8ce3-67bdcfd1d8d0"><testcase classname="backend.tests.test_admin_reminders_dashboard.TestAdminRemindersDashboard" name="test_get_reminders_dashboard_success" time="0.731" /><testcase classname="backend.tests.test_admin_reminders_dashboard.TestAdminRemindersDashboard" name="test_get_reminders_dashboard_scheduler_status" time="0.136" /><testcase classname="backend.tests.test_admin_reminders_dashboard.TestAdminRemindersDashboard" name="test_get_reminders_history_success" time="0.156" /><testcase classname="backend.tests.test_admin_reminders_dashboard.TestAdminRemindersDashboard" name="test_get_reminders_history_with_limit" time="0.160" /><testcase classname="backend.tests.test_admin_reminders_dashboard.TestAdminRemindersDashboard" name="test_get_all_reminders_default" time="0.180" /><testcase classname="backend.tests.test_admin_reminders_dashboard.TestAdminRemindersDashboard" name="test_get_all_reminders_pending_filter" time="0.162" /><testcase classname="backend.tests.test_admin_reminders_dashboard.TestAdminRemindersDashboard" name="test_get_all_reminders_sent_filter" time="0.149" /><testcase classname="backend.tests.test_admin_reminders_dashboard.TestAdminRemindersDashboard" name="test_send_due_reminders_success" time="0.151" /><testcase classname="backend.tests.test_admin_reminders_dashboard.TestAdminRemindersDashboard" name="test_delete_reminder_not_found" time="0.152" /><testcase classname="backend.tests.test_admin_reminders_dashboard.TestAdminRemindersDashboard" name="test_dashboard_unauthorized" time="0.130" /><testcase classname="backend.tests.test_admin_reminders_dashboard.TestAdminRemindersDashboard" name="test_history_unauthorized" time="0.139" /><testcase classname="backend.tests.test_admin_reminders_dashboard.TestAdminDashboardDataIntegrity" name="test_stats_total_equals_pending_plus_sent" time="0.542" /><testcase classname="backend.tests.test_admin_reminders_dashboard.TestAdminDashboardDataIntegrity" name="test_by_type_sums_to_total" time="0.132" /></testsuite></testsuites>