<?xml version="1.0" encoding="utf-8"?><testsuites name="pytest tests"><testsuite name="pytest" errors="0" failures="1" skipped="0" tests="7" time="11.772" timestamp="2026-05-11T20:12:18.795918+00:00" hostname="agent-env-1be78414-4ae4-4116-8f1c-311ef9f26734"><testcase classname="backend.tests.test_scanner_ai.TestScannerCategories" name="test_list_categories" time="0.716" /><testcase classname="backend.tests.test_scanner_ai.TestScannerAnalyze" name="test_missing_image_400" time="0.116" /><testcase classname="backend.tests.test_scanner_ai.TestScannerAnalyze" name="test_invalid_category_400" time="0.169" /><testcase classname="backend.tests.test_scanner_ai.TestScannerAnalyze" name="test_analyze_menu_returns_items" time="4.897" /><testcase classname="backend.tests.test_scanner_ai.TestScannerAnalyze" name="test_analyze_facture_returns_structure" time="5.468" /><testcase classname="backend.tests.test_scanner_ai.TestScannerHistory" name="test_history_endpoint" time="0.161" /><testcase classname="backend.tests.test_scanner_ai.TestContributionRegression" name="test_submit_birth_list_item_contribution" time="0.165"><failure message="AssertionError: {&quot;detail&quot;:[{&quot;type&quot;:&quot;missing&quot;,&quot;loc&quot;:[&quot;body&quot;,&quot;contribution_type&quot;],&quot;msg&quot;:&quot;Field required&quot;,&quot;input&quot;:{&quot;type&quot;:&quot;birth_list_item&quot;,&quot;data&quot;:{&quot;category&quot;:&quot;Vêtements&quot;,&quot;name&quot;:&quot;TEST_Body coton bio 3 mois&quot;,&quot;essential&quot;:false,&quot;notes&quot;:&quot;test regression iteration 57&quot;}},&quot;url&quot;:&quot;https://errors.pydantic.dev/2.12/v/missing&quot;},{&quot;type&quot;:&quot;missing&quot;,&quot;loc&quot;:[&quot;body&quot;,&quot;title&quot;],&quot;msg&quot;:&quot;Field required&quot;,&quot;input&quot;:{&quot;type&quot;:&quot;birth_list_item&quot;,&quot;data&quot;:{&quot;category&quot;:&quot;Vêtements&quot;,&quot;name&quot;:&quot;TEST_Body coton bio 3 mois&quot;,&quot;essential&quot;:false,&quot;notes&quot;:&quot;test regression iteration 57&quot;}},&quot;url&quot;:&quot;https://errors.pydantic.dev/2.12/v/missing&quot;}]}&#10;assert 422 in (200, 201)&#10; +  where 422 = &lt;Response [422]&gt;.status_code">backend/tests/test_scanner_ai.py:165: in test_submit_birth_list_item_contribution
    assert r.status_code in (200, 201), r.text
E   AssertionError: {"detail":[{"type":"missing","loc":["body","contribution_type"],"msg":"Field required","input":{"type":"birth_list_item","data":{"category":"Vêtements","name":"TEST_Body coton bio 3 mois","essential":false,"notes":"test regression iteration 57"}},"url":"https://errors.pydantic.dev/2.12/v/missing"},{"type":"missing","loc":["body","title"],"msg":"Field required","input":{"type":"birth_list_item","data":{"category":"Vêtements","name":"TEST_Body coton bio 3 mois","essential":false,"notes":"test regression iteration 57"}},"url":"https://errors.pydantic.dev/2.12/v/missing"}]}
E   assert 422 in (200, 201)
E    +  where 422 = &lt;Response [422]&gt;.status_code</failure></testcase></testsuite></testsuites>